2019-06-10 8:26:55 - PHP Warning:  mysqli::__construct(): (HY000/1045): Access denied for user 'root'@'localhost' (using password: YES) in C:\xampp\htdocs\shop\system\library\db\mysqli.php on line 7
2019-06-10 8:26:55 - PHP Warning:  DB\MySQLi::__construct(): Couldn't fetch mysqli in C:\xampp\htdocs\shop\system\library\db\mysqli.php on line 10
2019-06-10 8:26:55 - PHP Warning:  DB\MySQLi::__construct(): Couldn't fetch mysqli in C:\xampp\htdocs\shop\system\library\db\mysqli.php on line 10
2019-06-10 8:26:55 - PHP Notice:  Undefined variable: mysql in C:\xampp\htdocs\shop\install\controller\install\step_3.php on line 280
2019-06-10 8:26:55 - PHP Notice:  Trying to get property 'connect_error' of non-object in C:\xampp\htdocs\shop\install\controller\install\step_3.php on line 280
2019-06-10 8:27:15 - PHP Warning:  mysqli::__construct(): (HY000/1045): Access denied for user 'root'@'localhost' (using password: YES) in C:\xampp\htdocs\shop\system\library\db\mysqli.php on line 7
2019-06-10 8:27:15 - PHP Warning:  DB\MySQLi::__construct(): Couldn't fetch mysqli in C:\xampp\htdocs\shop\system\library\db\mysqli.php on line 10
2019-06-10 8:27:15 - PHP Warning:  DB\MySQLi::__construct(): Couldn't fetch mysqli in C:\xampp\htdocs\shop\system\library\db\mysqli.php on line 10
2019-06-10 8:27:15 - PHP Notice:  Undefined variable: mysql in C:\xampp\htdocs\shop\install\controller\install\step_3.php on line 280
2019-06-10 8:27:15 - PHP Notice:  Trying to get property 'connect_error' of non-object in C:\xampp\htdocs\shop\install\controller\install\step_3.php on line 280
2019-06-10 8:27:54 - PHP Warning:  mysqli::__construct(): (HY000/1045): Access denied for user 'root'@'localhost' (using password: YES) in C:\xampp\htdocs\shop\system\library\db\mysqli.php on line 7
2019-06-10 8:27:54 - PHP Warning:  DB\MySQLi::__construct(): Couldn't fetch mysqli in C:\xampp\htdocs\shop\system\library\db\mysqli.php on line 10
2019-06-10 8:27:54 - PHP Warning:  DB\MySQLi::__construct(): Couldn't fetch mysqli in C:\xampp\htdocs\shop\system\library\db\mysqli.php on line 10
2019-06-10 8:27:54 - PHP Notice:  Undefined variable: mysql in C:\xampp\htdocs\shop\install\controller\install\step_3.php on line 280
2019-06-10 8:27:54 - PHP Notice:  Trying to get property 'connect_error' of non-object in C:\xampp\htdocs\shop\install\controller\install\step_3.php on line 280
2019-06-10 8:27:57 - PHP Warning:  mysqli::__construct(): (HY000/1045): Access denied for user 'root'@'localhost' (using password: YES) in C:\xampp\htdocs\shop\system\library\db\mysqli.php on line 7
2019-06-10 8:27:57 - PHP Warning:  DB\MySQLi::__construct(): Couldn't fetch mysqli in C:\xampp\htdocs\shop\system\library\db\mysqli.php on line 10
2019-06-10 8:27:57 - PHP Warning:  DB\MySQLi::__construct(): Couldn't fetch mysqli in C:\xampp\htdocs\shop\system\library\db\mysqli.php on line 10
2019-06-10 8:27:57 - PHP Notice:  Undefined variable: mysql in C:\xampp\htdocs\shop\install\controller\install\step_3.php on line 280
2019-06-10 8:27:57 - PHP Notice:  Trying to get property 'connect_error' of non-object in C:\xampp\htdocs\shop\install\controller\install\step_3.php on line 280
2019-06-10 8:27:59 - PHP Warning:  mysqli::__construct(): (HY000/1045): Access denied for user 'root'@'localhost' (using password: YES) in C:\xampp\htdocs\shop\system\library\db\mysqli.php on line 7
2019-06-10 8:27:59 - PHP Warning:  DB\MySQLi::__construct(): Couldn't fetch mysqli in C:\xampp\htdocs\shop\system\library\db\mysqli.php on line 10
2019-06-10 8:27:59 - PHP Warning:  DB\MySQLi::__construct(): Couldn't fetch mysqli in C:\xampp\htdocs\shop\system\library\db\mysqli.php on line 10
2019-06-10 8:27:59 - PHP Notice:  Undefined variable: mysql in C:\xampp\htdocs\shop\install\controller\install\step_3.php on line 280
2019-06-10 8:27:59 - PHP Notice:  Trying to get property 'connect_error' of non-object in C:\xampp\htdocs\shop\install\controller\install\step_3.php on line 280
2019-06-10 8:35:50 - PHP Warning:  A non-numeric value encountered in C:\xampp\htdocs\shop\admin\model\localisation\currency.php on line 141
2019-06-10 8:35:50 - PHP Warning:  Division by zero in C:\xampp\htdocs\shop\admin\model\localisation\currency.php on line 141
2019-06-10 8:35:50 - PHP Warning:  A non-numeric value encountered in C:\xampp\htdocs\shop\admin\model\localisation\currency.php on line 141
2019-06-10 8:35:50 - PHP Warning:  Division by zero in C:\xampp\htdocs\shop\admin\model\localisation\currency.php on line 141
2019-06-10 8:35:50 - PHP Warning:  A non-numeric value encountered in C:\xampp\htdocs\shop\admin\model\localisation\currency.php on line 141
2019-06-10 8:35:50 - PHP Warning:  Division by zero in C:\xampp\htdocs\shop\admin\model\localisation\currency.php on line 141
